5.546558704453441457e-01 -3.299999999999982947e-01
-1.137651821862348145e+00 -4.000000000000625278e-02
1.842105263157894357e-01 -4.299999999999926104e-01
-4.554655870445343813e-01 1.700000000000017053e-01
3.380566801619432349e-01 1.799999999999926104e-01
4.858299595141700733e-01 -1.599999999999965894e-01
-4.068825910931174183e-01 2.900000000000062528e-01
8.663967611336031993e-01 4.999999999999715783e-02
5.263157894736841813e-02 1.400000000000005684e-01
2.105263157894736725e-01 1.999999999999602096e-02
3.441295546558709173e-02 -1.400000000000005684e-01
-1.842105263157894912e-01 2.600000000000051159e-01
2.753036437246962898e-01 4.200000000000017053e-01
1.174089068825912019e-01 3.999999999999204192e-02
-4.048582995951455210e-03 7.000000000000738964e-02
-2.834008097165996443e-02 7.999999999999829470e-02
-4.858299595141701843e-02 -6.000000000000227374e-02
-1.558704453441295268e-01 4.999999999999715783e-02
4.655870445344134634e-02 -1.499999999999914735e-01
-3.319838056680162186e-01 -1.000000000000085265e-01
-4.210526315789474006e-01 -2.099999999999937472e-01
-5.748987854251011997e-01 1.599999999999965894e-01
2.732793522267206177e-01 -1.099999999999994316e-01
1.194331983805667630e-01 1.899999999999977263e-01
2.651821862348178738e-01 -9.000000000000341061e-02
1.093117408906882360e-01 3.700000000000045475e-01
5.850202429149797823e-01 1.400000000000005684e-01
1.983805668016194734e-01 4.999999999999715783e-02
3.238866396761130861e-02 6.000000000000227374e-02
1.275303643724696734e-01 -2.000000000000028422e-01
-3.016194331983805821e-01 -1.200000000000045475e-01
-2.591093117408906910e-01 1.000000000000085265e-01
1.417004048582995446e-02 -1.700000000000017053e-01
-5.060728744939271273e-01 1.299999999999954525e-01
2.105263157894736448e-01 -3.299999999999982947e-01
-5.344129554655869807e-01 6.000000000000227374e-02
4.048582995951344188e-03 0.000000000000000000e+00
4.048582995951421903e-02 1.499999999999914735e-01
4.817813765182186181e-01 1.200000000000045475e-01
4.959514170040486003e-01 -2.000000000000028422e-01
-5.769230769230768718e-01 2.900000000000062528e-01
8.461538461538461453e-01 0.000000000000000000e+00
-2.834008097165996443e-02 -1.400000000000005684e-01
-5.890688259109311264e-01 -2.399999999999948841e-01
-5.344129554655870917e-01 3.099999999999880629e-01
1.000000000000000000e+00 -4.799999999999897682e-01
4.048582995951455210e-03 -6.000000000000227374e-02
-4.048582995951455210e-03 -1.299999999999954525e-01
0.000000000000000000e+00 -4.999999999999715783e-02
-1.214574898785425461e-02 2.099999999999937472e-01
2.024291497975716503e-02 1.899999999999977263e-01
4.858299595141690741e-02 -4.999999999999715783e-02
4.251012145748989113e-02 -2.099999999999937472e-01
8.097165991902910420e-03 -1.600000000000108002e-01
1.315789473684210176e-01 -9.999999999990905053e-03
9.311740890688258165e-02 -4.200000000000017053e-01
-3.117408906882591646e-01 -1.200000000000045475e-01
-2.024291497975705401e-02 3.900000000000005684e-01
1.295546558704453455e-01 -1.999999999999602096e-02
4.048582995951416352e-02 9.999999999999431566e-02
1.862348178137651911e-01 -1.599999999999965894e-01
-1.538461538461538547e-01 1.400000000000005684e-01
2.226720647773279271e-01 -2.100000000000079581e-01
-4.210526315789473450e-01 -1.599999999999965894e-01
-5.627530364372469451e-01 -1.999999999999602096e-02
-1.659919028340080538e-01 7.999999999999829470e-02
9.716599190283392584e-02 -4.999999999999715783e-02
-1.214574898785414359e-02 -4.200000000000017053e-01
-3.765182186234817818e-01 -7.699999999999960210e-01
-5.263157894736847364e-02 8.999999999998919975e-02
8.097165991902799398e-03 1.999999999999602096e-02
4.858299595141701843e-02 -1.899999999999977263e-01
-2.024291497975705401e-02 -9.999999999999431566e-02
-6.275303643724694513e-02 9.999999999999431566e-02
8.502024291497967123e-02 -3.799999999999954525e-01
-2.004048582995950900e-01 -3.700000000000045475e-01
-1.700404858299595645e-01 1.700000000000017053e-01
6.477732793522272825e-02 1.500000000000056843e-01
2.429149797570849811e-01 -9.000000000000341061e-02
-6.072874493927127304e-02 -1.899999999999977263e-01
-1.902834008097165075e-01 -9.000000000000341061e-02
0.000000000000000000e+00 4.999999999999715783e-02
2.631578947368420351e-01 -1.400000000000005684e-01
-2.550607287449392357e-01 1.300000000000096634e-01
3.319838056680161631e-01 2.799999999999869260e-01
1.020242914979757165e+00 -1.999999999999886313e-01
-7.611336032388664741e-01 7.999999999999829470e-02
3.056680161943319818e-01 -3.000000000000113687e-02
-8.299595141700405465e-02 1.299999999999954525e-01
4.979757085020242724e-01 1.899999999999977263e-01
3.097165991902834925e-01 1.800000000000068212e-01
9.919028340080970896e-02 3.100000000000022737e-01
6.477732793522261723e-02 -6.200000000000045475e-01
-2.145748987854251000e-01 -3.299999999999982947e-01
-2.995951417004048545e-01 4.099999999999965894e-01
4.028340080971659631e-01 3.000000000000113687e-02
-6.072874493927127304e-03 -2.500000000000000000e-01
-4.979757085020243279e-01 9.999999999990905053e-03
-6.072874493927127304e-02 -1.099999999999994316e-01
-2.631578947368420351e-01 3.599999999999994316e-01
1.145748987854251055e+00 2.700000000000102318e-01
8.097165991902910420e-03 1.299999999999954525e-01
1.619433198380559880e-02 -1.200000000000045475e-01
-1.619433198380559880e-02 1.000000000000511591e-02
1.214574898785425461e-02 2.500000000000000000e-01
1.214574898785414359e-02 7.000000000000738964e-02
4.048582995951455210e-03 2.399999999999948841e-01
1.619433198380570982e-02 3.100000000000022737e-01
-4.048582995951455210e-03 1.899999999999977263e-01
-3.238866396761130861e-02 1.500000000000056843e-01
2.429149797570850922e-02 -3.100000000000022737e-01
-2.064777327935223283e-01 -1.200000000000045475e-01
-2.267206477732793268e-01 -1.800000000000068212e-01
-3.481781376518218729e-01 6.000000000000227374e-02
2.024291497975713727e-03 -1.299999999999954525e-01
-3.137651821862348367e-01 -6.999999999999317879e-02
-2.510121457489878360e-01 8.999999999998919975e-02
-3.238866396761130861e-02 1.400000000000005684e-01
3.643724696356275272e-01 -9.999999999999431566e-02
-2.469635627530364641e-01 -4.000000000000625278e-02
9.716599190283403686e-02 2.000000000000028422e-01
6.113360323886639636e-01 1.000000000000511591e-02
1.255060728744939458e-01 4.999999999999715783e-02
4.453441295546556322e-02 -1.700000000000017053e-01
-4.514170040485829816e-01 -1.899999999999977263e-01
-5.121457489878542546e-01 -4.000000000000625278e-02
-2.024291497975705401e-02 1.899999999999977263e-01
3.643724696356275272e-01 1.800000000000068212e-01
6.578947368421051989e-01 -2.500000000000000000e-01
-9.736842105263157077e-01 5.100000000000051159e-01
1.323886639676113308e+00 3.399999999999891998e-01
8.906882591093112644e-02 5.000000000001136868e-02
2.429149797570850922e-02 1.000000000000085265e-01
1.619433198380570982e-02 7.999999999999829470e-02
-4.858299595141701843e-02 -1.700000000000017053e-01
-1.558704453441295268e-01 -1.899999999999977263e-01
-3.056680161943320373e-01 9.999999999999431566e-02
-1.700404858299595368e-01 1.500000000000056843e-01
2.914979757085020551e-01 -1.400000000000005684e-01
-4.655870445344129638e-01 4.000000000000625278e-02
6.882591093117407244e-02 7.999999999999829470e-02
1.821862348178137636e-01 -1.000000000000085265e-01
-2.975708502024291269e-01 6.000000000000227374e-02
2.834008097165992002e-01 4.000000000000625278e-02
1.032388663967611364e-01 -5.000000000001136868e-02
-1.538461538461538547e-01 2.000000000001023182e-02
5.060728744939271134e-02 1.400000000000005684e-01
3.157894736842105088e-01 -1.300000000000096634e-01
-3.785425101214575094e-01 4.000000000000625278e-02
1.578947368421052821e-01 9.999999999999431566e-02
2.024291497975708454e-01 3.000000000000113687e-01
5.141700404858299267e-01 7.999999999999829470e-02
2.834008097165996443e-02 -2.500000000000000000e-01
-5.303643724696356365e-01 2.800000000000011369e-01
5.020242914979756721e-01 1.999999999999602096e-02
-3.927125506072874916e-01 -1.700000000000017053e-01
-2.550607287449392357e-01 -5.999999999998806288e-02
-6.072874493927127304e-02 -4.000000000000625278e-02
-2.004048582995951455e-01 -2.099999999999937472e-01
-1.801619433198380360e-01 2.999999999998692601e-02
6.882591093117407244e-02 6.000000000000227374e-02
2.226720647773283712e-02 -3.999999999999204192e-02
6.275303643724694513e-02 3.199999999999931788e-01
8.319838056680162186e-01 -1.299999999999954525e-01
-1.680161943319838092e-01 1.599999999999965894e-01
5.202429149797571650e-01 -2.300000000000039790e-01
-7.793522267206478560e-01 1.700000000000017053e-01
6.477732793522267274e-01 1.500000000000056843e-01
2.226720647773279271e-01 -1.200000000000045475e-01
-3.623481781376517996e-01 2.300000000000039790e-01
3.825910931174089646e-01 -1.200000000000045475e-01
-2.935222672064777827e-01 -7.999999999999829470e-02
-5.769230769230768718e-01 1.299999999999954525e-01
5.161943319838057098e-01 -8.999999999998919975e-02
-4.655870445344129638e-01 0.000000000000000000e+00
8.097165991902827153e-03 6.000000000000227374e-02
1.052631578947368363e-01 7.999999999999829470e-02
1.963562753036437181e-01 9.999999999990905053e-03
-3.846153846153843592e-02 2.699999999999960210e-01
6.882591093117407244e-02 -1.200000000000045475e-01
-2.024291497975705401e-02 1.300000000000096634e-01
4.048582995951421903e-02 9.999999999999431566e-02
5.263157894736836262e-02 1.400000000000005684e-01
0.000000000000000000e+00 4.999999999999715783e-02
-1.214574898785425461e-02 1.999999999999602096e-02
-2.024291497975705401e-02 -2.999999999999971578e-01
-1.295546558704453455e-01 -3.499999999999943157e-01
-2.813765182186234171e-01 -7.000000000000738964e-02
-7.894736842105265495e-02 7.000000000000738964e-02
-8.097165991902910420e-03 2.000000000000028422e-01
1.781376518218624194e-01 -1.099999999999994316e-01
-8.097165991902838256e-02 2.899999999999920419e-01
7.449392712550607643e-01 -2.800000000000011369e-01
-7.064777327935223283e-01 4.699999999999988631e-01
-9.615384615384614531e-01 0.000000000000000000e+00
-2.429149797570850922e-02 1.999999999999602096e-02
6.072874493927127304e-02 6.999999999999317879e-02
2.024291497975705401e-02 -4.999999999999715783e-02
3.238866396761130861e-02 2.400000000000090949e-01
3.846153846153846367e-01 -1.000000000000511591e-02
1.740890688259109365e-01 -1.500000000000056843e-01
-3.319838056680162186e-01 1.000000000000511591e-02
1.963562753036437181e-01 -1.299999999999954525e-01
-2.489878542510121362e-01 9.999999999990905053e-03
1.315789473684210731e-01 1.099999999999994316e-01
3.582995951417003999e-01 2.000000000000028422e-01
5.141700404858299267e-01 3.100000000000022737e-01
3.319838056680162186e-01 -9.999999999999431566e-02
-1.336032388663968007e-01 9.999999999990905053e-03
4.048582995951455210e-03 -6.999999999999317879e-02
-8.704453441295545435e-02 2.800000000000011369e-01
2.287449392712550544e-01 -1.000000000000085265e-01
-1.659919028340081093e-01 -3.000000000000113687e-02
-3.117408906882591091e-01 -3.900000000000005684e-01
-1.251012145748987781e+00 2.900000000000062528e-01
6.477732793522267274e-01 5.699999999999931788e-01
1.076923076923076872e+00 1.200000000000045475e-01
1.619433198380570982e-02 9.999999999999431566e-02
2.024291497975705401e-02 3.000000000000113687e-02
1.093117408906882915e-01 -1.800000000000068212e-01
-1.052631578947368363e-01 -1.499999999999914735e-01
-5.263157894736847364e-02 -7.999999999999829470e-02
-2.834008097165996443e-02 -2.900000000000062528e-01
-3.643724696356265280e-02 1.000000000000511591e-02
1.619433198380559880e-02 9.999999999990905053e-03
7.692307692307698286e-02 0.000000000000000000e+00
2.024291497975705401e-02 -2.099999999999937472e-01
-5.263157894736847364e-02 1.000000000000511591e-02
6.072874493927127304e-02 -7.000000000000738964e-02
-1.619433198380559880e-02 -1.000000000000511591e-02
1.174089068825910909e-01 -6.999999999999317879e-02
5.263157894736836262e-02 9.000000000000341061e-02
2.469635627530364363e-01 -9.000000000000341061e-02
-2.145748987854251277e-01 -1.099999999999994316e-01
-1.255060728744938903e-01 -1.999999999999602096e-02
6.882591093117407244e-02 -5.000000000001136868e-02
8.097165991902910420e-03 -2.500000000000000000e-01
-1.761133603238866918e-01 1.900000000000119371e-01
4.190283400809716730e-01 -1.300000000000096634e-01
-4.129554655870445457e-01 -5.199999999999960210e-01
-5.182186234817813819e-01 1.400000000000005684e-01
1.174089068825910909e-01 -9.000000000000341061e-02
-4.453441295546561873e-02 2.000000000000028422e-01
3.481781376518218729e-01 9.000000000000341061e-02
2.186234817813765274e-01 -9.000000000000341061e-02
-1.781376518218623639e-01 1.499999999999914735e-01
3.400809716599190180e-01 -2.399999999999948841e-01
-6.518218623481781826e-01 3.299999999999982947e-01
8.502024291497976005e-01 7.999999999999829470e-02
2.307692307692307265e-01 0.000000000000000000e+00
-1.457489878542509443e-01 -1.199999999999903366e-01
-4.291497975708502555e-01 -1.000000000000085265e-01
-3.663967611336031993e-01 -1.299999999999954525e-01
-3.299595141700404355e-01 4.000000000000625278e-02
1.133603238866396357e-01 2.899999999999920419e-01
8.502024291497976005e-01 4.999999999999715783e-02
-5.263157894736841813e-02 1.700000000000017053e-01
3.036437246963562542e-01 7.000000000000738964e-02
8.502024291497978226e-02 2.699999999999960210e-01
1.295546558704453455e-01 -3.799999999999954525e-01
-4.453441295546559098e-01 4.999999999999715783e-02
3.238866396761136413e-02 1.199999999999903366e-01
2.955465587044534548e-01 -2.399999999999948841e-01
-1.862348178137652188e-01 -1.000000000000511591e-02
-4.048582995951416352e-02 1.000000000000511591e-02
-4.453441295546556322e-02 1.999999999999602096e-02
4.048582995951399699e-03 3.400000000000034106e-01
4.817813765182186736e-01 1.499999999999914735e-01
7.692307692307687184e-02 7.999999999999829470e-02
7.692307692307698286e-02 1.500000000000056843e-01
1.619433198380565431e-02 -9.399999999999977263e-01
-7.975708502024292379e-01 -1.400000000000005684e-01
-8.502024291497967123e-02 -7.999999999999829470e-02
-1.012145748987854921e-01 -5.200000000000102318e-01
-2.145748987854251277e-01 4.100000000000108002e-01
7.692307692307698286e-02 -2.400000000000090949e-01
-8.097165991902832705e-02 -1.999999999999602096e-02
-4.048582995951455210e-03 1.799999999999926104e-01
4.858299595141701843e-02 -4.000000000000625278e-02
-2.024291497975705401e-02 1.099999999999994316e-01
0.000000000000000000e+00 6.000000000000227374e-02
-2.429149797570850922e-02 0.000000000000000000e+00
-8.097165991902910420e-03 1.099999999999994316e-01
-4.048582995951344188e-03 -4.000000000000056843e-01
-3.117408906882591646e-01 3.000000000000113687e-02
-3.522267206477732726e-01 -9.999999999990905053e-03
-5.991902834008097090e-01 9.999999999999431566e-02
1.093117408906882915e-01 -3.999999999999204192e-02
-2.024291497975710952e-02 1.299999999999954525e-01
2.914979757085019996e-01 9.000000000000341061e-02
3.279352226720648189e-01 0.000000000000000000e+00
-4.048582995951455210e-03 -6.000000000000227374e-02
-6.882591093117407244e-02 -6.000000000000227374e-02
8.097165991902827153e-03 2.600000000000051159e-01
5.020242914979757831e-01 1.299999999999954525e-01
8.097165991902832705e-02 -2.699999999999960210e-01
-5.668016194331984003e-01 1.299999999999954525e-01
2.064777327935222728e-01 -7.999999999999829470e-02
-2.753036437246964008e-01 3.999999999999204192e-02
8.906882591093120971e-02 -3.999999999999914735e-01
-9.878542510121457454e-01 1.199999999999903366e-01
4.736842105263157632e-01 1.399999999999863576e-01
1.417004048582996001e-01 1.600000000000108002e-01
2.105263157894736725e-01 -2.100000000000079581e-01
-2.267206477732793546e-01 2.000000000001023182e-02
1.781376518218623362e-01 5.999999999998806288e-02
6.477732793522267274e-02 -1.199999999999903366e-01
-2.429149797570850089e-01 2.000000000000028422e-01
3.522267206477732726e-01 -1.600000000000108002e-01
-2.753036437246963453e-01 7.999999999999829470e-02
-9.716599190283403686e-02 -3.199999999999931788e-01
-7.165991902834007998e-01 2.999999999999971578e-01
5.789473684210526550e-01 7.999999999999829470e-02
2.793522267206477450e-01 5.900000000000034106e-01
5.384615384615385469e-01 -6.999999999999317879e-02
6.072874493927127304e-03 1.199999999999903366e-01
3.441295546558698071e-02 9.000000000000341061e-02
1.619433198380570982e-02 -1.400000000000005684e-01
-2.307692307692307265e-01 9.999999999999431566e-02
1.295546558704453455e-01 8.000000000001250555e-02
-4.048582995951455210e-03 -1.800000000000068212e-01
-4.291497975708502000e-01 4.000000000000625278e-02
-6.882591093117412795e-02 -2.400000000000090949e-01
-8.785425101214574539e-01 3.599999999999994316e-01
4.331983805668015441e-01 -1.299999999999954525e-01
-9.716599190283392584e-02 -1.099999999999994316e-01
0.000000000000000000e+00 1.499999999999914735e-01
-2.429149797570850922e-02 5.000000000001136868e-02
2.834008097165985340e-02 1.999999999999886313e-01
9.716599190283403686e-02 5.000000000001136868e-02
-7.287449392712552765e-02 -6.000000000000227374e-02
-1.417004048582996001e-01 9.999999999990905053e-03
-1.659919028340080538e-01 8.000000000001250555e-02
-4.048582995951399699e-03 -1.800000000000068212e-01
-3.481781376518218729e-01 7.999999999999829470e-02
2.004048582995951455e-01 -3.000000000000113687e-02
-2.368421052631579093e-01 3.000000000000113687e-02
7.287449392712549989e-02 4.999999999999715783e-02
5.668016194331984559e-02 -9.999999999990905053e-03
-1.497975708502024272e-01 -2.000000000001023182e-02
-1.275303643724696179e-01 -2.299999999999897682e-01
-5.809716599190284381e-01 -5.000000000001136868e-02
-8.097165991902799398e-03 2.000000000001023182e-02
1.336032388663968007e-01 2.000000000000028422e-01
5.748987854251011997e-01 1.199999999999903366e-01
4.331983805668015997e-01 4.000000000000625278e-02
4.048582995951455210e-03 1.400000000000005684e-01
1.255060728744939458e-01 7.999999999999829470e-02
4.453441295546558404e-02 5.000000000001136868e-02
4.453441295546558404e-02 -1.200000000000045475e-01
-1.578947368421052544e-01 -6.000000000000227374e-02
-2.834008097165990891e-02 6.000000000000227374e-02
3.643724696356273607e-02 2.800000000000011369e-01
6.194331983805667630e-01 -2.500000000000000000e-01
-5.991902834008097090e-01 -1.999999999999602096e-02
3.643724696356276382e-02 -3.000000000000113687e-02
-3.643724696356276382e-02 -2.100000000000079581e-01
-1.983805668016194179e-01 -9.999999999999431566e-02
-1.052631578947368363e-01 -2.000000000001023182e-02
-3.643724696356276382e-02 -2.399999999999948841e-01
-1.781376518218623639e-01 1.099999999999994316e-01
1.133603238866396357e-01 2.000000000000028422e-01
3.117408906882591646e-01 -7.999999999999829470e-02
-1.255060728744939458e-01 -1.300000000000096634e-01
-2.024291497975708454e-01 -9.999999999999431566e-02
-7.489878542510119974e-02 -2.600000000000051159e-01
-3.866396761133603088e-01 -6.099999999999994316e-01
-4.817813765182185626e-01 -9.999999999999431566e-02
-5.668016194331992885e-02 -2.099999999999937472e-01
-4.858299595141701843e-02 9.999999999990905053e-03
1.214574898785425461e-02 7.000000000000738964e-02
4.048582995951421903e-02 -1.800000000000068212e-01
-2.024291497975705401e-02 2.500000000000000000e-01
3.927125506072874361e-01 2.100000000000079581e-01
6.558704453441295268e-01 4.999999999999715783e-02
2.105263157894736725e-01 1.899999999999977263e-01
3.805668016194331815e-01 -1.400000000000005684e-01
-1.781376518218623639e-01 -3.000000000000113687e-02
-1.255060728744938903e-01 2.800000000000011369e-01
3.522267206477732726e-01 4.999999999999715783e-02
2.834008097165996443e-02 1.700000000000017053e-01
8.502024291497978226e-02 1.099999999999994316e-01
-8.097165991902910420e-03 -1.000000000000511591e-02
-4.858299595141701843e-02 -2.500000000000000000e-01
-4.412955465587043991e-01 -2.899999999999920419e-01
2.550607287449392913e-01 -3.000000000000113687e-02
-4.048582995951416352e-02 4.599999999999937472e-01
6.720647773279352366e-01 -1.199999999999903366e-01
-3.643724696356276382e-02 9.999999999990905053e-03
-4.453441295546559098e-02 -2.800000000000011369e-01
-4.676113360323886914e-01 3.000000000000113687e-02
2.570850202429150189e-01 1.300000000000096634e-01
4.048582995951417463e-01 -7.999999999999829470e-02
-1.578947368421053099e-01 1.999999999999602096e-02
-5.668016194331983171e-02 6.000000000000227374e-02
2.429149797570849534e-02 -1.000000000000511591e-02
-4.048582995951416352e-02 -1.500000000000056843e-01
-2.834008097165992002e-01 -6.999999999999317879e-02
-2.692307692307692735e-01 -1.700000000000017053e-01
-2.165991902834007998e-01 -2.500000000000000000e-01
-1.255060728744938903e-01 3.200000000000073896e-01
4.129554655870445457e-01 2.199999999999988631e-01
8.502024291497976005e-01 9.999999999999431566e-02
2.388663967611335814e-01 -2.099999999999937472e-01
-6.234817813765182182e-01 3.299999999999982947e-01
8.218623481781376361e-01 3.599999999999994316e-01
1.093117408906882915e-01 -4.000000000000625278e-02
-1.619433198380570982e-02 -3.700000000000045475e-01
2.429149797570850922e-02 1.999999999999602096e-02
-1.619433198380559880e-02 3.000000000000113687e-02
-1.214574898785425461e-02 1.000000000000511591e-02
-5.263157894736847364e-02 -9.000000000000341061e-02
-3.238866396761130861e-02 7.999999999999829470e-02
-4.048582995951421903e-02 1.500000000000056843e-01
1.214574898785425461e-02 8.999999999998919975e-02
-2.834008097165985340e-02 -1.199999999999903366e-01
-4.979757085020243279e-01 -1.300000000000096634e-01
-4.939271255060728727e-01 0.000000000000000000e+00
-5.668016194331987334e-02 6.000000000000227374e-02
9.311740890688260941e-02 4.000000000000625278e-02
1.336032388663967729e-01 -6.000000000000227374e-02
-1.639676113360323817e-01 7.999999999999829470e-02
1.882591093117408909e-01 1.000000000000511591e-02
4.048582995951417046e-02 1.099999999999994316e-01
3.360323886639676183e-01 -9.000000000000341061e-02
-2.388663967611336370e-01 2.899999999999920419e-01
6.113360323886639636e-01 -1.999999999999602096e-02
-4.858299595141701843e-02 -3.000000000000113687e-02
-1.295546558704453455e-01 7.999999999999829470e-02
5.263157894736836262e-02 0.000000000000000000e+00
-2.429149797570850922e-02 -1.099999999999994316e-01
-1.740890688259109087e-01 2.099999999999937472e-01
1.457489878542509443e-01 2.600000000000051159e-01
2.186234817813765274e-01 1.400000000000005684e-01
2.631578947368421462e-01 -2.000000000001023182e-02
8.097165991902841031e-03 -1.999999999999602096e-02
7.287449392712549989e-02 2.100000000000079581e-01
4.170040485829959453e-01 -8.000000000001250555e-02
3.238866396761130861e-02 -1.099999999999994316e-01
-1.255060728744938903e-01 -2.599999999999909051e-01
-7.044534412955465452e-01 9.000000000000341061e-02
1.639676113360324095e-01 3.999999999999204192e-02
2.024291497975708176e-02 -3.999999999999204192e-02
-2.651821862348178183e-01 9.999999999990905053e-03
1.214574898785425461e-01 6.000000000000227374e-02
2.914979757085019996e-01 -3.000000000000113687e-02
-1.538461538461538547e-01 6.000000000000227374e-02
2.793522267206478005e-01 1.099999999999994316e-01
3.785425101214574539e-01 -1.400000000000005684e-01
-4.433198380566801267e-01 4.000000000000625278e-02
6.275303643724695901e-02 -3.000000000000113687e-02
-1.194331983805667907e-01 -1.300000000000096634e-01
-4.979757085020243279e-01 -7.999999999999829470e-02
-1.093117408906881804e-01 4.000000000000625278e-02
-4.048582995951416352e-02 -2.900000000000062528e-01
-3.360323886639676183e-01 0.000000000000000000e+00
2.834008097165991932e-02 1.999999999999602096e-02
5.465587044534413186e-02 1.099999999999994316e-01
8.906882591093118196e-02 1.000000000000085265e-01
1.923076923076922906e-01 9.999999999990905053e-03
8.097165991902854909e-03 -1.999999999999602096e-02
-9.311740890688258165e-02 7.000000000000738964e-02
2.834008097165990891e-02 1.199999999999903366e-01
2.631578947368421462e-01 -1.999999999999602096e-02
-1.497975708502025105e-01 -3.000000000000113687e-02
-1.619433198380565431e-02 -2.199999999999988631e-01
-6.356275303643724728e-01 1.000000000000511591e-02
-9.716599190283400911e-02 6.999999999999317879e-02
1.457489878542509998e-01 -1.999999999999602096e-02
-1.214574898785425461e-02 1.700000000000017053e-01
5.121457489878542546e-01 0.000000000000000000e+00
-1.012145748987852700e-02 9.999999999999431566e-02
2.429149797570849811e-01 -1.999999999999602096e-02
-3.238866396761130861e-02 1.999999999999602096e-02
5.263157894736847364e-02 1.700000000000017053e-01
2.449392712550606532e-01 3.000000000000113687e-02
-2.024291497975672094e-03 -9.000000000000341061e-02
6.072874493927121753e-02 1.600000000000108002e-01
1.862348178137652188e-01 -2.300000000000039790e-01
-2.712550607287449456e-01 -1.800000000000068212e-01
-1.821862348178138191e-01 9.000000000000341061e-02
1.619433198380567096e-01 6.000000000000227374e-02
8.097165991902838256e-02 9.000000000000341061e-02
2.489878542510121084e-01 -1.200000000000045475e-01
-2.246963562753036547e-01 9.000000000000341061e-02
3.846153846153846367e-01 0.000000000000000000e+00
-6.072874493927125222e-02 -9.000000000000341061e-02
-1.983805668016194457e-01 1.999999999999602096e-02
1.255060728744939458e-01 -1.199999999999903366e-01
-3.502024291497976005e-01 1.599999999999965894e-01
4.129554655870445457e-01 6.000000000000227374e-02
1.153846153846153910e-01 1.099999999999994316e-01
3.157894736842105088e-01 -4.999999999999715783e-02
-7.085020242914980004e-02 3.000000000000113687e-02
2.226720647773278161e-02 1.999999999999602096e-02
-4.858299595141701843e-02 -1.999999999999602096e-02
-7.692307692307692735e-02 1.499999999999914735e-01
3.238866396761134192e-01 -3.999999999999204192e-02
-2.550607287449392913e-01 -3.000000000000113687e-02
-1.174089068825911186e-01 1.099999999999994316e-01
-2.348178137651821817e-01 -6.000000000000227374e-02
-2.834008097165996443e-02 -5.200000000000102318e-01
-3.238866396761133082e-01 -5.399999999999920419e-01
-1.133603238866396357e-01 -1.999999999999602096e-02
4.048582995951344188e-03 1.499999999999914735e-01
4.453441295546556322e-02 4.999999999999715783e-02
3.238866396761141964e-02 -6.999999999999317879e-02
3.643724696356276382e-02 0.000000000000000000e+00
2.064777327935222173e-01 -1.400000000000005684e-01
-4.048582995951421903e-02 1.500000000000056843e-01
4.534412955465587647e-01 -7.000000000000738964e-02
2.834008097165990891e-02 -6.000000000000227374e-02
-1.052631578947368363e-01 6.000000000000227374e-02
9.311740890688258165e-02 0.000000000000000000e+00
-1.214574898785425461e-02 4.999999999999715783e-02
2.793522267206477450e-01 4.000000000000625278e-02
1.376518218623481726e-01 1.099999999999994316e-01
2.469635627530364363e-01 4.999999999999715783e-02
1.417004048582996001e-01 4.600000000000079581e-01
3.157894736842105088e-01 -7.000000000000738964e-02
-2.024291497975705401e-02 2.399999999999948841e-01
5.263157894736836262e-02 1.600000000000108002e-01
2.631578947368429233e-02 1.299999999999954525e-01
-2.024291497975709564e-02 2.399999999999948841e-01
9.716599190283400911e-02 4.300000000000068212e-01
2.469635627530364086e-01 4.299999999999926104e-01
3.765182186234818373e-01 -2.500000000000000000e-01
-1.417004048582996556e-01 -1.700000000000017053e-01
-2.226720647773279271e-01 1.000000000000085265e-01
1.943319838056680182e-01 1.400000000000005684e-01
3.279352226720647634e-01 -2.300000000000039790e-01
-4.048582995951455210e-03 1.799999999999926104e-01
8.097165991902910420e-03 6.000000000000227374e-02
4.048582995951344188e-03 -2.800000000000011369e-01
0.000000000000000000e+00 -7.999999999999829470e-02
0.000000000000000000e+00 1.099999999999994316e-01
0.000000000000000000e+00 -7.000000000000738964e-02
2.834008097165996443e-02 -6.999999999999317879e-02
1.133603238866396357e-01 4.000000000000625278e-02
8.502024291497978226e-02 -2.000000000000028422e-01
-8.906882591093112644e-02 4.399999999999977263e-01
3.724696356275303266e-01 -1.000000000000511591e-02
4.048582995951416352e-02 -1.199999999999903366e-01
0.000000000000000000e+00 2.999999999999971578e-01
6.720647773279352366e-01 -1.899999999999977263e-01
-1.902834008097165908e-01 3.000000000000113687e-02
2.712550607287449456e-01 -7.000000000000738964e-02
-1.214574898785425461e-02 4.000000000000625278e-02
0.000000000000000000e+00 9.999999999999431566e-02
1.477732793522267829e-01 1.000000000000085265e-01
7.085020242914974453e-02 -8.000000000001250555e-02
-1.093117408906882360e-01 -1.400000000000005684e-01
-6.639676113360324372e-01 -1.299999999999954525e-01
-3.846153846153845812e-01 -1.499999999999914735e-01
-2.186234817813765829e-01 8.999999999998919975e-02
1.558704453441295268e-01 1.000000000000511591e-02
1.234817813765182182e-01 -7.000000000000738964e-02
-1.255060728744938903e-01 1.200000000000045475e-01
3.562753036437247278e-01 3.400000000000034106e-01
1.024291497975708509e+00 -1.299999999999954525e-01
-2.550607287449392913e-01 -1.500000000000056843e-01
-3.157894736842105088e-01 0.000000000000000000e+00
-1.417004048582995723e-01 -1.200000000000045475e-01
-2.591093117408906910e-01 2.000000000001023182e-02
5.668016194331983171e-02 -1.600000000000108002e-01
-2.267206477732793546e-01 -3.000000000000113687e-02
-7.287449392712547214e-02 -4.999999999999715783e-02
-1.538461538461538547e-01 1.000000000000511591e-02
7.489878542510119974e-02 -1.000000000000511591e-02
4.251012145748989113e-02 7.999999999999829470e-02
2.085020242914979727e-01 1.400000000000005684e-01
4.878542510121457454e-01 -1.999999999999602096e-02
1.214574898785425461e-02 1.599999999999965894e-01
3.178137651821862364e-01 -9.999999999990905053e-03
1.417004048582992670e-02 -2.000000000001023182e-02
-8.502024291497967123e-02 7.999999999999829470e-02
1.538461538461538547e-01 -1.399999999999863576e-01
-5.182186234817813819e-01 -4.000000000000625278e-02
-2.874493927125505999e-01 1.999999999999602096e-02
-1.214574898785425044e-01 -3.999999999999204192e-02
-2.692307692307692180e-01 -1.300000000000096634e-01
-2.854251012145748723e-01 5.000000000001136868e-02
1.174089068825910909e-01 -1.000000000000511591e-02
6.477732793522261723e-02 -1.299999999999954525e-01
-1.862348178137651633e-01 -1.000000000000085265e-01
2.894736842105263275e-01 1.700000000000017053e-01
1.680161943319838369e-01 1.299999999999954525e-01
3.319838056680161631e-01 -7.999999999999829470e-02
-1.012145748987854227e-01 -1.400000000000005684e-01
-2.631578947368420907e-01 -9.000000000000341061e-02
-1.578947368421052544e-01 2.400000000000090949e-01
5.344129554655870917e-01 6.000000000000227374e-02
1.578947368421052544e-01 3.999999999999204192e-02
1.740890688259109642e-01 1.099999999999994316e-01
2.145748987854251277e-01 -9.999999999990905053e-03
-1.133603238866397467e-01 -7.000000000000738964e-02
-1.700404858299595090e-01 4.000000000000625278e-02
1.619433198380567096e-01 -4.000000000000625278e-02
-1.376518218623482004e-01 -1.999999999999602096e-02
-1.376518218623481726e-01 -9.000000000000341061e-02
-5.748987854251011997e-01 -1.599999999999965894e-01
-3.340080971659918907e-01 6.000000000000227374e-02
2.004048582995951455e-01 -7.000000000000738964e-02
-1.821862348178137636e-01 -2.599999999999909051e-01
-2.672064777327934904e-01 -6.000000000000227374e-02
-8.097165991902910420e-03 1.700000000000017053e-01
2.672064777327936014e-01 2.599999999999909051e-01
8.906882591093117085e-01 -1.999999999999602096e-02
-1.619433198380570982e-02 -3.999999999999204192e-02
-3.643724696356276382e-02 1.199999999999903366e-01
1.619433198380570982e-02 3.000000000000113687e-01
8.502024291497978226e-02 4.899999999999948841e-01
7.287449392712541663e-02 -6.000000000000227374e-02
-2.024291497975705401e-02 1.099999999999994316e-01
2.226720647773283712e-02 6.000000000000227374e-02
-2.024291497975783116e-03 -1.099999999999994316e-01
-1.943319838056679627e-01 -4.000000000000625278e-02
-1.821862348178138191e-01 1.000000000000085265e-01
8.097165991902843807e-02 -7.999999999999829470e-02
-3.643724696356275827e-01 1.699999999999874944e-01
1.862348178137651633e-01 2.500000000000000000e-01
2.914979757085020551e-01 -1.999999999999602096e-02
-4.858299595141701843e-02 -1.099999999999994316e-01
-3.279352226720647634e-01 6.000000000000227374e-02
1.558704453441295268e-01 -1.000000000000511591e-02
-9.109311740890685405e-02 -5.999999999998806288e-02
-3.016194331983805821e-01 -5.000000000001136868e-02
-2.651821862348178183e-01 -1.899999999999977263e-01
-4.777327935222672184e-01 1.500000000000056843e-01
4.129554655870445457e-01 -1.800000000000068212e-01
-3.846153846153845812e-01 -3.100000000000022737e-01
1.619433198380566541e-01 -3.399999999999891998e-01
-2.024291497975708731e-01 2.299999999999897682e-01
2.186234817813765829e-01 -9.999999999990905053e-03
1.052631578947367808e-01 2.500000000000000000e-01
4.696356275303643635e-01 -9.000000000000341061e-02
-1.538461538461538547e-01 1.599999999999965894e-01
4.534412955465586537e-01 4.000000000000625278e-02
1.497975708502024550e-01 -7.000000000000738964e-02
0.000000000000000000e+00 1.000000000000085265e-01
1.174089068825911464e-01 5.999999999998806288e-02
1.862348178137651633e-01 2.400000000000090949e-01
8.906882591093112644e-02 2.599999999999909051e-01
8.097165991902832705e-02 1.000000000000511591e-02
4.048582995951455210e-03 -3.999999999999204192e-02
-1.538461538461538547e-01 9.999999999999431566e-02
6.072874493927127304e-02 -7.999999999999829470e-02
-1.497975708502023995e-01 -1.999999999999602096e-02
-1.740890688259110197e-01 -4.000000000000625278e-02
-1.680161943319837814e-01 -1.000000000000511591e-02
-3.340080971659918907e-01 -2.299999999999897682e-01
-6.639676113360324372e-01 -2.000000000001023182e-02
-4.048582995951410801e-02 5.000000000001136868e-02
1.336032388663968007e-01 -1.500000000000056843e-01
-1.012145748987854921e-01 -1.500000000000056843e-01
-4.048582995951455210e-03 -2.399999999999948841e-01
-2.429149797570839819e-02 1.499999999999914735e-01
4.048582995951410801e-02 -2.399999999999948841e-01
-2.834008097165985340e-02 1.099999999999994316e-01
5.263157894736836262e-02 -4.500000000000028422e-01
-6.477732793522261723e-02 -9.999999999990905053e-03
2.834008097165985340e-02 -6.000000000000227374e-02
4.048582995951455210e-03 2.500000000000000000e-01
3.846153846153845812e-01 9.999999999990905053e-03
3.036437246963562542e-01 2.000000000001023182e-02
1.538461538461538547e-01 -1.000000000000511591e-02
7.692307692307692735e-02 -1.999999999999602096e-02
8.502024291497975450e-02 -7.000000000000738964e-02
-2.105263157894737003e-01 -1.099999999999994316e-01
-2.267206477732793546e-01 1.700000000000017053e-01
6.234817813765182182e-01 4.000000000000625278e-02
1.619433198380567096e-01 -1.000000000000511591e-02
-1.457489878542509998e-01 1.999999999999602096e-02
2.834008097165990891e-02 2.100000000000079581e-01
4.736842105263158187e-01 3.999999999999204192e-02
4.048582995951344188e-03 -1.400000000000005684e-01
-4.129554655870444901e-01 -3.999999999999204192e-02
-1.052631578947368363e-01 1.199999999999903366e-01
5.668016194331981783e-02 1.400000000000005684e-01
1.781376518218623639e-01 -7.999999999999829470e-02
-1.093117408906882915e-01 -7.999999999999829470e-02
0.000000000000000000e+00 -4.999999999999715783e-02
8.097165991902799398e-03 -4.000000000000625278e-02
1.295546558704453455e-01 -2.999999999999971578e-01
-2.672064777327934904e-01 7.999999999999829470e-02
2.591093117408906910e-01 1.700000000000017053e-01
4.736842105263158187e-01 -6.999999999999317879e-02
-1.781376518218623362e-01 9.999999999999431566e-02
2.408906882591093090e-01 6.000000000000227374e-02
3.623481781376517996e-01 4.000000000000625278e-02
1.457489878542509998e-01 -9.000000000000341061e-02
-2.024291497975708176e-01 6.000000000000227374e-02
1.659919028340081093e-01 1.299999999999954525e-01
3.400809716599189625e-01 -1.999999999999602096e-02
-1.336032388663966897e-01 2.399999999999948841e-01
2.186234817813764719e-01 3.000000000000113687e-02
-8.097165991902799398e-03 1.099999999999994316e-01
3.238866396761130861e-02 -9.999999999999431566e-02
-1.295546558704453455e-01 3.999999999999204192e-02
-4.048582995951344188e-03 -3.999999999999204192e-02
-3.643724696356275827e-01 -2.000000000000028422e-01
-2.793522267206477450e-01 -1.700000000000017053e-01
-3.886639676113360364e-01 -1.199999999999903366e-01
-1.052631578947368363e-01 4.999999999999715783e-02
-2.024291497975710952e-02 -2.399999999999948841e-01
-3.117408906882590536e-01 1.299999999999954525e-01
1.295546558704452900e-01 -9.000000000000341061e-02
-1.740890688259109642e-01 2.600000000000051159e-01
4.534412955465587647e-01 -1.999999999999602096e-02
1.740890688259109365e-01 -1.000000000000085265e-01
-1.417004048582996001e-01 0.000000000000000000e+00
1.295546558704453455e-01 -1.000000000000511591e-02
4.858299595141700455e-02 1.000000000000085265e-01
3.805668016194331815e-01 -1.800000000000068212e-01
-5.870445344129554543e-01 1.400000000000005684e-01
4.534412955465587092e-01 2.400000000000090949e-01
5.748987854251011997e-01 -1.099999999999994316e-01
-4.291497975708502000e-01 9.999999999990905053e-03
-5.263157894736841813e-02 -7.999999999999829470e-02
-2.672064777327934904e-01 0.000000000000000000e+00
-9.311740890688258165e-02 -2.399999999999948841e-01
-7.044534412955465452e-01 -2.400000000000090949e-01
-1.781376518218623639e-01 -9.999999999999431566e-02
-1.619433198380570982e-02 0.000000000000000000e+00
